<?xml version="1.0" encoding="UTF-8"?>
<!-- Generated by org.testng.reporters.JUnitReportReporter -->
<testsuite hostname="GUNA-PC" failures="0" tests="2" name="com.testng1.ParameterizationClass" time="0.034" errors="0" timestamp="2021-12-29T22:43:21 IST" skipped="0">
  <testcase classname="com.testng1.ParameterizationClass" name="printAge" time="0.029"/>
  <system-out/>
  <testcase classname="com.testng1.ParameterizationClass" name="printName1" time="0.005"/>
  <system-out/>
</testsuite> <!-- com.testng1.ParameterizationClass -->
