<?xml version="1.0" encoding="UTF-8"?>
<!-- Generated by org.testng.reporters.JUnitReportReporter -->
<testsuite hostname="GUNA-PC" failures="0" tests="3" name="com.testng1.Testng111" time="48.322" errors="0" timestamp="2021-12-29T22:48:45 IST" skipped="0">
  <testcase classname="com.testng1.Testng111" name="openGoogle" time="17.122"/>
  <system-out/>
  <testcase classname="com.testng1.Testng111" name="openBing" time="21.295"/>
  <system-out/>
  <testcase classname="com.testng1.Testng111" name="openYahoo" time="9.905"/>
  <system-out/>
</testsuite> <!-- com.testng1.Testng111 -->
