<?xml version="1.0" encoding="UTF-8"?>
<!-- Generated by org.testng.reporters.JUnitReportReporter -->
<testsuite hostname="GUNA-PC" failures="0" tests="1" name="com.dataDriven.DataProviderr" time="0.000" errors="0" timestamp="2022-01-02T14:55:16 IST" skipped="1">
  <testcase classname="com.dataDriven.DataProviderr" name="loginWithCorrectUser" time="0.000">
    <skipped/>
  </testcase> <!-- loginWithCorrectUser -->
  <system-out/>
</testsuite> <!-- com.dataDriven.DataProviderr -->
