<?xml version="1.0" encoding="UTF-8"?>
<!-- Generated by org.testng.reporters.JUnitReportReporter -->
<testsuite hostname="GUNA-PC" failures="0" tests="1" name="com.dataDriven.CorrectUser_WrongPass" time="33.955" errors="0" timestamp="2022-01-01T17:44:41 IST" skipped="0">
  <testcase classname="com.dataDriven.CorrectUser_WrongPass" name="loginWithCorrectUser" time="33.955"/>
  <system-out/>
</testsuite> <!-- com.dataDriven.CorrectUser_WrongPass -->
