<?xml version="1.0" encoding="UTF-8"?>
<!-- Generated by org.testng.reporters.JUnitReportReporter -->
<testsuite hostname="GUNA-PC" failures="0" tests="1" name="com.testng1.Normal_TestNG" time="2.052" errors="0" timestamp="2021-12-30T17:34:16 IST" skipped="0">
  <testcase classname="com.testng1.Normal_TestNG" name="kio_ken_10" time="2.052"/>
  <system-out/>
</testsuite> <!-- com.testng1.Normal_TestNG -->
