<?xml version="1.0" encoding="UTF-8"?>
<!-- Generated by org.testng.reporters.JUnitReportReporter -->
<testsuite hostname="GUNA-PC" failures="0" tests="1" name="com.testng1.ListenersSampleTestCase" time="0.031" errors="0" timestamp="2021-12-30T00:40:10 IST" skipped="0">
  <testcase classname="com.testng1.ListenersSampleTestCase" name="first" time="0.031"/>
  <system-out/>
</testsuite> <!-- com.testng1.ListenersSampleTestCase -->
