<?xml version="1.0" encoding="UTF-8"?>
<!-- Generated by org.testng.reporters.JUnitReportReporter -->
<testsuite hostname="GUNA-PC" failures="0" tests="2" name="com.testng1.NormalTestNG" time="0.040" errors="0" timestamp="2021-12-30T18:29:13 IST" skipped="0">
  <testcase classname="com.testng1.NormalTestNG" name="gohan" time="0.008"/>
  <system-out/>
  <testcase classname="com.testng1.NormalTestNG" name="Goku" time="0.032"/>
  <system-out/>
</testsuite> <!-- com.testng1.NormalTestNG -->
