<?xml version="1.0" encoding="UTF-8"?>
<!-- Generated by org.testng.reporters.JUnitReportReporter -->
<testsuite hostname="GUNA-PC" failures="0" tests="1" name="com.dataDriven.WrongUser_CorrectPass" time="28.877" errors="0" timestamp="2022-01-01T17:44:41 IST" skipped="0">
  <testcase classname="com.dataDriven.WrongUser_CorrectPass" name="loginWithCorrectUser" time="28.877"/>
  <system-out/>
</testsuite> <!-- com.dataDriven.WrongUser_CorrectPass -->
