<?xml version="1.0" encoding="UTF-8"?>
<!-- Generated by org.testng.reporters.JUnitReportReporter -->
<testsuite hostname="GUNA-PC" failures="0" tests="4" name="com.dataDriven.CorrectUserPass" time="83.549" errors="0" timestamp="2022-01-01T19:03:40 IST" skipped="0">
  <testcase classname="com.dataDriven.CorrectUserPass" name="loginWithCorrectUser" time="14.762"/>
  <system-out/>
  <testcase classname="com.dataDriven.CorrectUserPass" name="loginWithCorrectUser" time="17.335"/>
  <system-out/>
  <testcase classname="com.dataDriven.CorrectUserPass" name="loginWithCorrectUser" time="39.066"/>
  <system-out/>
  <testcase classname="com.dataDriven.CorrectUserPass" name="loginWithCorrectUser" time="12.386"/>
  <system-out/>
</testsuite> <!-- com.dataDriven.CorrectUserPass -->
