<?xml version="1.0" encoding="UTF-8"?>
<!-- Generated by org.testng.reporters.JUnitReportReporter -->
<testsuite hostname="GUNA-PC" failures="0" tests="1" name="com.dataDriven.LearnDataProviderr" time="0.000" errors="0" timestamp="2022-01-02T15:50:13 IST" skipped="1">
  <testcase classname="com.dataDriven.LearnDataProviderr" name="login" time="0.000">
    <skipped/>
  </testcase> <!-- login -->
  <system-out/>
</testsuite> <!-- com.dataDriven.LearnDataProviderr -->
