<?xml version="1.0" encoding="UTF-8"?>
<!-- Generated by org.testng.reporters.JUnitReportReporter -->
<testsuite hostname="GUNA-PC" failures="0" tests="2" name="com.testng1.TestNGSecond" time="6.069" errors="0" timestamp="2021-12-29T21:20:48 IST" skipped="0">
  <testcase classname="com.testng1.TestNGSecond" name="openGoogle" time="3.327"/>
  <system-out/>
  <testcase classname="com.testng1.TestNGSecond" name="openYahoo" time="2.742"/>
  <system-out/>
</testsuite> <!-- com.testng1.TestNGSecond -->
