<?xml version="1.0" encoding="UTF-8"?>
<!-- Generated by org.testng.reporters.JUnitReportReporter -->
<testsuite hostname="GUNA-PC" failures="0" tests="3" name="com.testng1.AllAnotations" time="0.049" errors="0" timestamp="2021-12-29T23:51:32 IST" skipped="0">
  <testcase classname="com.testng1.AllAnotations" name="normalTest111" time="0.010"/>
  <system-out/>
  <testcase classname="com.testng1.AllAnotations" name="normalTest" time="0.027"/>
  <system-out/>
  <testcase classname="com.testng1.AllAnotations" name="test33" time="0.012"/>
  <system-out/>
</testsuite> <!-- com.testng1.AllAnotations -->
